<?xml version="1.0" encoding="UTF-8"?>
<!-- Generated by org.testng.reporters.JUnitReportReporter -->
<testsuite skipped="0" hostname="DhilipAishu" name="qaclickacademy.RestAPITest" tests="2" failures="0" timestamp="02 Jul 2021 15:57:32 GMT" time="0.005" errors="0">
  <testcase name="deletetwitter" time="0.002" classname="qaclickacademy.RestAPITest"/>
  <testcase name="postjira" time="0.003" classname="qaclickacademy.RestAPITest"/>
</testsuite> <!-- qaclickacademy.RestAPITest -->
