<?xml version="1.0" encoding="UTF-8"?>
<!-- Generated by org.testng.reporters.JUnitReportReporter -->
<testsuite skipped="0" hostname="DhilipAishu" name="qaclickacademy.ApiumTest" tests="2" failures="0" timestamp="02 Jul 2021 16:55:24 GMT" time="0.010" errors="0">
  <testcase name="IOSApps" time="0.010" classname="qaclickacademy.ApiumTest"/>
  <testcase name="NativeApps" time="0.000" classname="qaclickacademy.ApiumTest"/>
</testsuite> <!-- qaclickacademy.ApiumTest -->
