<?xml version="1.0" encoding="UTF-8"?>
<!-- Generated by org.testng.reporters.JUnitReportReporter -->
<testsuite skipped="0" hostname="DhilipAishu" name="qaclickacademy.seleniumTest" tests="2" failures="0" timestamp="02 Jul 2021 16:55:24 GMT" time="0.002" errors="0">
  <testcase name="elementsUI" time="0.001" classname="qaclickacademy.seleniumTest"/>
  <testcase name="BrowserAutomation" time="0.001" classname="qaclickacademy.seleniumTest"/>
</testsuite> <!-- qaclickacademy.seleniumTest -->
