<?xml version="1.0" encoding="UTF-8"?>
<!-- Generated by org.testng.reporters.JUnitReportReporter -->
<testsuite skipped="0" hostname="DhilipAishu" name="qaclickacademy.RestAPITest" tests="2" failures="0" timestamp="02 Jul 2021 16:55:24 GMT" time="0.001" errors="0">
  <testcase name="deletetwitter" time="0.000" classname="qaclickacademy.RestAPITest"/>
  <testcase name="postjira" time="0.001" classname="qaclickacademy.RestAPITest"/>
</testsuite> <!-- qaclickacademy.RestAPITest -->
